<?xml version="1.0" encoding="UTF-8"?>
<!-- Generated by org.testng.reporters.JUnitXMLReporter -->
<testsuite ignored="4" hostname="LAPTOP-HHAP87N2" failures="1" tests="2" name="Test" time="1.104" errors="0" timestamp="2023-02-26T13:12:04 EST">
  <testcase classname="com.w2a.testcases.AddCustomerTest" name="addCustomer" time="0.0">
    <failure type="java.lang.RuntimeException" message="java.io.FileNotFoundException: C:\Users\Udemy\seleniumnewlectures2023\DataDrivenFramework\src\test\resources\excel\Testdata.xlsx (The process cannot access the file because it is being used by another process)">
      <![CDATA[java.lang.RuntimeException: java.io.FileNotFoundException: C:\Users\Udemy\seleniumnewlectures2023\DataDrivenFramework\src\test\resources\excel\Testdata.xlsx (The process cannot access the file because it is being used by another process)
at java.base/java.util.ArrayList.forEach(ArrayList.java:1511)
Caused by: java.io.FileNotFoundException: C:\Users\Udemy\seleniumnewlectures2023\DataDrivenFramework\src\test\resources\excel\Testdata.xlsx (The process cannot access the file because it is being used by another process)
at java.base/java.io.FileOutputStream.open0(Native Method)
at java.base/java.io.FileOutputStream.open(FileOutputStream.java:293)
at java.base/java.io.FileOutputStream.<init>(FileOutputStream.java:235)
at java.base/java.io.FileOutputStream.<init>(FileOutputStream.java:184)
at org.apache.poi.openxml4j.opc.internal.FileHelper.copyFile(FileHelper.java:65)
at org.apache.poi.openxml4j.opc.ZipPackage.closeImpl(ZipPackage.java:480)
at org.apache.poi.openxml4j.opc.OPCPackage.close(OPCPackage.java:470)
at org.apache.poi.ooxml.POIXMLDocument.close(POIXMLDocument.java:189)
at org.apache.poi.xssf.usermodel.XSSFWorkbook.close(XSSFWorkbook.java:610)
at com.w2a.utilities.ExcelDataProvider.testData(ExcelDataProvider.java:44)
at com.w2a.utilities.ExcelDataProvider.getData(ExcelDataProvider.java:20)
... 25 more
... Removed 32 stack frames]]>
    </failure>
  </testcase> <!-- addCustomer -->
  <testcase classname="com.w2a.testcases.BankManagerLoginTest" name="loginAsBankManager" time="0.384"/>
  <testcase classname="com.w2a.base.TestBase" name="@AfterSuite tearDown" time="0.0">
    <ignored/>
  </testcase> <!-- @AfterSuite tearDown -->
  <testcase classname="com.w2a.base.TestBase" name="@AfterSuite tearDown" time="0.0">
    <ignored/>
  </testcase> <!-- @AfterSuite tearDown -->
  <testcase classname="com.w2a.base.TestBase" name="@BeforeSuite setUp" time="0.0">
    <ignored/>
  </testcase> <!-- @BeforeSuite setUp -->
  <testcase classname="com.w2a.base.TestBase" name="@BeforeSuite setUp" time="0.0">
    <ignored/>
  </testcase> <!-- @BeforeSuite setUp -->
</testsuite> <!-- Test -->
