<?xml version="1.0" encoding="UTF-8"?>
<testng-results ignored="0" total="2" passed="2" failed="0" skipped="0">
  <reporter-output>
    <line>
      <![CDATA[Login successfully executed]]>
    </line>
    <line>
      <![CDATA[New Customer Added Successfully]]>
    </line>
  </reporter-output>
  <suite started-at="2023-02-26T13:56:26 EST" name="Data Driven Basics" finished-at="2023-02-26T13:56:28 EST" duration-ms="1938">
    <groups>
    </groups>
    <test started-at="2023-02-26T13:56:26 EST" name="Bank Manager Login Test" finished-at="2023-02-26T13:56:26 EST" duration-ms="613">
      <class name="com.w2a.testcases.BankManagerLoginTest">
        <test-method signature="loginAsBankManager()[pri:0, instance:com.w2a.testcases.BankManagerLoginTest@4816c290]" started-at="2023-02-26T13:56:26 EST" name="loginAsBankManager" finished-at="2023-02-26T13:56:26 EST" duration-ms="577" status="PASS">
          <reporter-output>
            <line>
              <![CDATA[Login successfully executed]]>
            </line>
          </reporter-output>
        </test-method> <!-- loginAsBankManager -->
      </class> <!-- com.w2a.testcases.BankManagerLoginTest -->
    </test> <!-- Bank Manager Login Test -->
    <test started-at="2023-02-26T13:56:26 EST" name="Add Customer Test" finished-at="2023-02-26T13:56:28 EST" duration-ms="1304">
      <class name="com.w2a.testcases.AddCustomerTest">
        <test-method is-config="true" signature="setUp()[pri:0, instance:com.w2a.testcases.AddCustomerTest@69f63d95]" started-at="2023-02-26T13:56:20 EST" name="setUp" finished-at="2023-02-26T13:56:26 EST" duration-ms="5849" status="PASS">
          <reporter-output>
          </reporter-output>
        </test-method> <!-- setUp -->
        <test-method signature="addCustomer(java.lang.String,java.lang.String,java.lang.String,java.lang.String)[pri:0, instance:com.w2a.testcases.AddCustomerTest@69f63d95]" started-at="2023-02-26T13:56:27 EST" name="addCustomer" data-provider="test1Data" finished-at="2023-02-26T13:56:28 EST" duration-ms="607" status="PASS">
          <params>
            <param index="0">
              <value>
                <![CDATA[Coni]]>
              </value>
            </param>
            <param index="1">
              <value>
                <![CDATA[Coni]]>
              </value>
            </param>
            <param index="2">
              <value>
                <![CDATA[C19720]]>
              </value>
            </param>
            <param index="3">
              <value>
                <![CDATA[Customer added successfully]]>
              </value>
            </param>
          </params>
          <reporter-output>
            <line>
              <![CDATA[New Customer Added Successfully]]>
            </line>
          </reporter-output>
        </test-method> <!-- addCustomer -->
        <test-method is-config="true" signature="tearDown()[pri:0, instance:com.w2a.testcases.AddCustomerTest@69f63d95]" started-at="2023-02-26T13:56:28 EST" name="tearDown" finished-at="2023-02-26T13:56:28 EST" duration-ms="260" status="PASS">
          <reporter-output>
          </reporter-output>
        </test-method> <!-- tearDown -->
      </class> <!-- com.w2a.testcases.AddCustomerTest -->
    </test> <!-- Add Customer Test -->
  </suite> <!-- Data Driven Basics -->
</testng-results>
